<?xml version="1.0" encoding="UTF-8"?>
<testng-results ignored="0" total="2" passed="2" failed="0" skipped="0">
  <reporter-output>
  </reporter-output>
  <suite started-at="2025-02-09T17:17:24 IST" name="Suite" finished-at="2025-02-09T17:17:35 IST" duration-ms="10866">
    <groups>
    </groups>
    <test started-at="2025-02-09T17:17:24 IST" name="SingleBrowserTest" finished-at="2025-02-09T17:17:35 IST" duration-ms="10866">
      <class name="tests.StockTest">
        <test-method is-config="true" signature="setUp(java.lang.String)[pri:0, instance:tests.StockTest@1080b026]" started-at="2025-02-09T17:17:24 IST" name="setUp" finished-at="2025-02-09T17:17:26 IST" duration-ms="1343" status="PASS">
          <params>
            <param index="0">
              <value>
                <![CDATA[chrome]]>
              </value>
            </param>
          </params>
          <reporter-output>
          </reporter-output>
        </test-method> <!-- setUp -->
        <test-method signature="testStockInformation()[pri:0, instance:tests.StockTest@1080b026]" started-at="2025-02-09T17:17:26 IST" name="testStockInformation" finished-at="2025-02-09T17:17:26 IST" duration-ms="7" status="PASS">
          <reporter-output>
          </reporter-output>
        </test-method> <!-- testStockInformation -->
        <test-method is-config="true" signature="captureScreenshotOnFailure(org.testng.ITestResult)[pri:0, instance:tests.StockTest@1080b026]" started-at="2025-02-09T17:17:26 IST" name="captureScreenshotOnFailure" finished-at="2025-02-09T17:17:26 IST" duration-ms="0" status="PASS">
          <params>
            <param index="0">
              <value>
                <![CDATA[[TestResult name=testStockInformation status=SUCCESS method=BaseTest.testStockInformation()[pri:0, instance:tests.StockTest@1080b026] output={null}]]]>
              </value>
            </param>
          </params>
          <reporter-output>
          </reporter-output>
        </test-method> <!-- captureScreenshotOnFailure -->
        <test-method signature="verifyStockInformation()[pri:0, instance:tests.StockTest@1080b026]" started-at="2025-02-09T17:17:26 IST" name="verifyStockInformation" finished-at="2025-02-09T17:17:35 IST" duration-ms="9193" status="PASS">
          <reporter-output>
          </reporter-output>
        </test-method> <!-- verifyStockInformation -->
        <test-method is-config="true" signature="captureScreenshotOnFailure(org.testng.ITestResult)[pri:0, instance:tests.StockTest@1080b026]" started-at="2025-02-09T17:17:35 IST" name="captureScreenshotOnFailure" finished-at="2025-02-09T17:17:35 IST" duration-ms="0" status="PASS">
          <params>
            <param index="0">
              <value>
                <![CDATA[[TestResult name=verifyStockInformation status=SUCCESS method=StockTest.verifyStockInformation()[pri:0, instance:tests.StockTest@1080b026] output={null}]]]>
              </value>
            </param>
          </params>
          <reporter-output>
          </reporter-output>
        </test-method> <!-- captureScreenshotOnFailure -->
        <test-method is-config="true" signature="tearDown()[pri:0, instance:tests.StockTest@1080b026]" started-at="2025-02-09T17:17:35 IST" name="tearDown" finished-at="2025-02-09T17:17:35 IST" duration-ms="141" status="PASS">
          <reporter-output>
          </reporter-output>
        </test-method> <!-- tearDown -->
      </class> <!-- tests.StockTest -->
    </test> <!-- SingleBrowserTest -->
  </suite> <!-- Suite -->
</testng-results>
